<?xml version="1.0" encoding="UTF-8"?>
<testsuite xmlns:xsi="http://www.w3.org/2001/XMLSchema-instance" xsi:noNamespaceSchemaLocation="https://maven.apache.org/surefire/maven-surefire-plugin/xsd/surefire-test-report-3.0.xsd" version="3.0" name="ParametrizLionTest" time="0.028" tests="2" errors="0" skipped="0" failures="0">
  <properties>
    <property name="sun.desktop" value="gnome"/>
    <property name="awt.toolkit" value="sun.awt.X11.XToolkit"/>
    <property name="java.specification.version" value="11"/>
    <property name="sun.cpu.isalist" value=""/>
    <property name="sun.jnu.encoding" value="UTF-8"/>
    <property name="java.class.path" value="/home/tester/qa_java_Sprint6/target/test-classes:/home/tester/qa_java_Sprint6/target/classes:/home/tester/.m2/repository/junit/junit/4.13.2/junit-4.13.2.jar:/home/tester/.m2/repository/org/hamcrest/hamcrest-core/1.3/hamcrest-core-1.3.jar:/home/tester/.m2/repository/org/mockito/mockito-core/3.12.4/mockito-core-3.12.4.jar:/home/tester/.m2/repository/net/bytebuddy/byte-buddy/1.11.13/byte-buddy-1.11.13.jar:/home/tester/.m2/repository/net/bytebuddy/byte-buddy-agent/1.11.13/byte-buddy-agent-1.11.13.jar:/home/tester/.m2/repository/org/objenesis/objenesis/3.2/objenesis-3.2.jar:"/>
    <property name="java.vm.vendor" value="Amazon.com Inc."/>
    <property name="sun.arch.data.model" value="64"/>
    <property name="java.vendor.url" value="https://aws.amazon.com/corretto/"/>
    <property name="user.timezone" value=""/>
    <property name="java.vm.specification.version" value="11"/>
    <property name="os.name" value="Linux"/>
    <property name="sun.java.launcher" value="SUN_STANDARD"/>
    <property name="user.country" value="RU"/>
    <property name="sun.boot.library.path" value="/usr/lib/jvm/java-11-amazon-corretto/lib"/>
    <property name="sun.java.command" value="/home/tester/qa_java_Sprint6/target/surefire/surefirebooter-20231101201350893_3.jar /home/tester/qa_java_Sprint6/target/surefire 2023-11-01T20-13-50_765-jvmRun1 surefire-20231101201350893_1tmp surefire_0-20231101201350893_2tmp"/>
    <property name="jdk.debug" value="release"/>
    <property name="surefire.test.class.path" value="/home/tester/qa_java_Sprint6/target/test-classes:/home/tester/qa_java_Sprint6/target/classes:/home/tester/.m2/repository/junit/junit/4.13.2/junit-4.13.2.jar:/home/tester/.m2/repository/org/hamcrest/hamcrest-core/1.3/hamcrest-core-1.3.jar:/home/tester/.m2/repository/org/mockito/mockito-core/3.12.4/mockito-core-3.12.4.jar:/home/tester/.m2/repository/net/bytebuddy/byte-buddy/1.11.13/byte-buddy-1.11.13.jar:/home/tester/.m2/repository/net/bytebuddy/byte-buddy-agent/1.11.13/byte-buddy-agent-1.11.13.jar:/home/tester/.m2/repository/org/objenesis/objenesis/3.2/objenesis-3.2.jar:"/>
    <property name="sun.cpu.endian" value="little"/>
    <property name="user.home" value="/home/tester"/>
    <property name="user.language" value="ru"/>
    <property name="java.specification.vendor" value="Oracle Corporation"/>
    <property name="java.version.date" value="2023-10-17"/>
    <property name="java.home" value="/usr/lib/jvm/java-11-amazon-corretto"/>
    <property name="file.separator" value="/"/>
    <property name="basedir" value="/home/tester/qa_java_Sprint6"/>
    <property name="java.vm.compressedOopsMode" value="Zero based"/>
    <property name="line.separator" value="&#10;"/>
    <property name="java.specification.name" value="Java Platform API Specification"/>
    <property name="java.vm.specification.vendor" value="Oracle Corporation"/>
    <property name="java.awt.graphicsenv" value="sun.awt.X11GraphicsEnvironment"/>
    <property name="surefire.real.class.path" value="/home/tester/qa_java_Sprint6/target/surefire/surefirebooter-20231101201350893_3.jar"/>
    <property name="sun.management.compiler" value="HotSpot 64-Bit Tiered Compilers"/>
    <property name="java.runtime.version" value="11.0.21+9-LTS"/>
    <property name="user.name" value="tester"/>
    <property name="path.separator" value=":"/>
    <property name="os.version" value="6.2.0-36-generic"/>
    <property name="java.runtime.name" value="OpenJDK Runtime Environment"/>
    <property name="file.encoding" value="UTF-8"/>
    <property name="java.vm.name" value="OpenJDK 64-Bit Server VM"/>
    <property name="java.vendor.version" value="Corretto-11.0.21.9.1"/>
    <property name="localRepository" value="/home/tester/.m2/repository"/>
    <property name="java.vendor.url.bug" value="https://github.com/corretto/corretto-11/issues/"/>
    <property name="java.io.tmpdir" value="/tmp"/>
    <property name="idea.version" value="2023.2.4"/>
    <property name="java.version" value="11.0.21"/>
    <property name="user.dir" value="/home/tester/qa_java_Sprint6"/>
    <property name="os.arch" value="amd64"/>
    <property name="java.vm.specification.name" value="Java Virtual Machine Specification"/>
    <property name="java.awt.printerjob" value="sun.print.PSPrinterJob"/>
    <property name="sun.os.patch.level" value="unknown"/>
    <property name="java.library.path" value="/usr/java/packages/lib:/usr/lib64:/lib64:/lib:/usr/lib"/>
    <property name="java.vm.info" value="mixed mode"/>
    <property name="java.vendor" value="Amazon.com Inc."/>
    <property name="java.vm.version" value="11.0.21+9-LTS"/>
    <property name="java.specification.maintenance.version" value="2"/>
    <property name="sun.io.unicode.encoding" value="UnicodeLittle"/>
    <property name="java.class.version" value="55.0"/>
  </properties>
  <testcase name="LionSexTest[0]" classname="ParametrizLionTest" time="0.001"/>
  <testcase name="LionSexTest[1]" classname="ParametrizLionTest" time="0"/>
</testsuite>